This file contains any messages produced by compilers while
running configure, to aid debugging if configure makes a mistake.

It was created by configure, which was
generated by GNU Autoconf 2.59.  Invocation command line was

  $ /root/bg_udf/configure 

## --------- ##
## Platform. ##
## --------- ##

hostname = localhost
uname -m = i686
uname -r = 2.6.12-12mdksmp
uname -s = Linux
uname -v = #1 SMP Fri Sep 9 17:43:23 CEST 2005

/usr/bin/uname -p = unknown
/bin/uname -X     = unknown

/bin/arch              = i686
/usr/bin/arch -k       = unknown
/usr/convex/getsysinfo = unknown
hostinfo               = unknown
/bin/machine           = unknown
/usr/bin/oslevel       = unknown
/bin/universe          = unknown

PATH: /sbin
PATH: /usr/sbin
PATH: /bin
PATH: /usr/bin
PATH: /usr/X11R6/bin
PATH: /usr/local/bin
PATH: /usr/local/sbin


## ----------- ##
## Core tests. ##
## ----------- ##

configure:1539: checking for a BSD-compatible install
configure:1594: result: /usr/bin/install -c
configure:1605: checking whether build environment is sane
configure:1648: result: yes
configure:1681: checking for gawk
configure:1697: found /bin/gawk
configure:1707: result: gawk
configure:1717: checking whether make sets $(MAKE)
configure:1737: result: yes
configure:1954: checking for gcc
configure:1970: found /usr/bin/gcc
configure:1980: result: gcc
configure:2224: checking for C compiler version
configure:2227: gcc --version </dev/null >&5
gcc (GCC) 4.0.1 (4.0.1-5mdk for Mandriva Linux release 2006.0)
Copyright (C) 2005 Free Software Foundation, Inc.
This is free software; see the source for copying conditions.  There is NO
warranty; not even for MERCHANTABILITY or FITNESS FOR A PARTICULAR PURPOSE.

configure:2230: $? = 0
configure:2232: gcc -v </dev/null >&5
Using built-in specs.
Target: i586-mandriva-linux-gnu
Configured with: ../configure --prefix=/usr --libexecdir=/usr/lib --with-slibdir=/lib --mandir=/usr/share/man --infodir=/usr/share/info --enable-shared --enable-threads=posix --disable-checking --enable-languages=c,c++,ada,f95,objc,java --host=i586-mandriva-linux-gnu --with-system-zlib --enable-long-long --enable-__cxa_atexit --enable-clocale=gnu --disable-libunwind-exceptions --enable-java-awt=gtk --with-java-home=/usr/lib/jvm/java-1.4.2-gcj-1.4.2.0/jre --enable-gtk-cairo --disable-libjava-multilib
Thread model: posix
gcc version 4.0.1 (4.0.1-5mdk for Mandriva Linux release 2006.0)
configure:2235: $? = 0
configure:2237: gcc -V </dev/null >&5
gcc: '-V' option must have argument
configure:2240: $? = 1
configure:2263: checking for C compiler default output file name
configure:2266: gcc -O2 -g0   -lm -lgds conftest.c  >&5
configure:2269: $? = 0
configure:2315: result: a.out
configure:2320: checking whether the C compiler works
configure:2326: ./a.out
configure:2329: $? = 0
configure:2346: result: yes
configure:2353: checking whether we are cross compiling
configure:2355: result: no
configure:2358: checking for suffix of executables
configure:2360: gcc -o conftest -O2 -g0   -lm -lgds conftest.c  >&5
configure:2363: $? = 0
configure:2388: result: 
configure:2394: checking for suffix of object files
configure:2415: gcc -c -O2 -g0   conftest.c >&5
configure:2418: $? = 0
configure:2440: result: o
configure:2444: checking whether we are using the GNU C compiler
configure:2468: gcc -c -O2 -g0   conftest.c >&5
configure:2474: $? = 0
configure:2478: test -z 
			 || test ! -s conftest.err
configure:2481: $? = 0
configure:2484: test -s conftest.o
configure:2487: $? = 0
configure:2500: result: yes
configure:2506: checking whether gcc accepts -g
configure:2527: gcc -c -g  conftest.c >&5
configure:2533: $? = 0
configure:2537: test -z 
			 || test ! -s conftest.err
configure:2540: $? = 0
configure:2543: test -s conftest.o
configure:2546: $? = 0
configure:2557: result: yes
configure:2574: checking for gcc option to accept ANSI C
configure:2644: gcc  -c -O2 -g0   conftest.c >&5
configure:2650: $? = 0
configure:2654: test -z 
			 || test ! -s conftest.err
configure:2657: $? = 0
configure:2660: test -s conftest.o
configure:2663: $? = 0
configure:2681: result: none needed
configure:2699: gcc -c -O2 -g0   conftest.c >&5
conftest.c:2: error: syntax error before 'me'
configure:2705: $? = 1
configure: failed program was:
| #ifndef __cplusplus
|   choke me
| #endif
configure:2849: checking for style of include used by make
configure:2877: result: GNU
configure:2905: checking dependency style of gcc
configure:2988: result: gcc3
configure:3083: checking build system type
configure:3101: result: i686-pc-linux-gnu
configure:3109: checking host system type
configure:3123: result: i686-pc-linux-gnu
configure:3131: checking for a sed that does not truncate output
configure:3185: result: /bin/sed
configure:3188: checking for egrep
configure:3198: result: grep -E
configure:3214: checking for ld used by gcc
configure:3281: result: /usr/bin/ld
configure:3290: checking if the linker (/usr/bin/ld) is GNU ld
configure:3305: result: yes
configure:3310: checking for /usr/bin/ld option to reload object files
configure:3317: result: -r
configure:3335: checking for BSD-compatible nm
configure:3377: result: /usr/bin/nm -B
configure:3381: checking whether ln -s works
configure:3385: result: yes
configure:3392: checking how to recognise dependent libraries
configure:3564: result: pass_all
configure:3778: checking how to run the C preprocessor
configure:3813: gcc -E  conftest.c
configure:3819: $? = 0
configure:3851: gcc -E  conftest.c
conftest.c:11:28: error: ac_nonexistent.h: No such file or directory
configure:3857: $? = 1
configure: failed program was:
| /* confdefs.h.  */
| 
| #define PACKAGE_NAME ""
| #define PACKAGE_TARNAME ""
| #define PACKAGE_VERSION ""
| #define PACKAGE_STRING ""
| #define PACKAGE_BUGREPORT ""
| #define PACKAGE "bg_udf"
| #define VERSION "0.1"
| /* end confdefs.h.  */
| #include <ac_nonexistent.h>
configure:3896: result: gcc -E
configure:3920: gcc -E  conftest.c
configure:3926: $? = 0
configure:3958: gcc -E  conftest.c
conftest.c:11:28: error: ac_nonexistent.h: No such file or directory
configure:3964: $? = 1
configure: failed program was:
| /* confdefs.h.  */
| 
| #define PACKAGE_NAME ""
| #define PACKAGE_TARNAME ""
| #define PACKAGE_VERSION ""
| #define PACKAGE_STRING ""
| #define PACKAGE_BUGREPORT ""
| #define PACKAGE "bg_udf"
| #define VERSION "0.1"
| /* end confdefs.h.  */
| #include <ac_nonexistent.h>
configure:4008: checking for ANSI C header files
configure:4033: gcc -c -O2 -g0   conftest.c >&5
configure:4039: $? = 0
configure:4043: test -z 
			 || test ! -s conftest.err
configure:4046: $? = 0
configure:4049: test -s conftest.o
configure:4052: $? = 0
configure:4141: gcc -o conftest -O2 -g0   -lm -lgds conftest.c  >&5
conftest.c: In function 'main':
conftest.c:28: warning: incompatible implicit declaration of built-in function 'exit'
configure:4144: $? = 0
configure:4146: ./conftest
configure:4149: $? = 0
configure:4164: result: yes
configure:4188: checking for sys/types.h
configure:4204: gcc -c -O2 -g0   conftest.c >&5
configure:4210: $? = 0
configure:4214: test -z 
			 || test ! -s conftest.err
configure:4217: $? = 0
configure:4220: test -s conftest.o
configure:4223: $? = 0
configure:4234: result: yes
configure:4188: checking for sys/stat.h
configure:4204: gcc -c -O2 -g0   conftest.c >&5
configure:4210: $? = 0
configure:4214: test -z 
			 || test ! -s conftest.err
configure:4217: $? = 0
configure:4220: test -s conftest.o
configure:4223: $? = 0
configure:4234: result: yes
configure:4188: checking for stdlib.h
configure:4204: gcc -c -O2 -g0   conftest.c >&5
configure:4210: $? = 0
configure:4214: test -z 
			 || test ! -s conftest.err
configure:4217: $? = 0
configure:4220: test -s conftest.o
configure:4223: $? = 0
configure:4234: result: yes
configure:4188: checking for string.h
configure:4204: gcc -c -O2 -g0   conftest.c >&5
configure:4210: $? = 0
configure:4214: test -z 
			 || test ! -s conftest.err
configure:4217: $? = 0
configure:4220: test -s conftest.o
configure:4223: $? = 0
configure:4234: result: yes
configure:4188: checking for memory.h
configure:4204: gcc -c -O2 -g0   conftest.c >&5
configure:4210: $? = 0
configure:4214: test -z 
			 || test ! -s conftest.err
configure:4217: $? = 0
configure:4220: test -s conftest.o
configure:4223: $? = 0
configure:4234: result: yes
configure:4188: checking for strings.h
configure:4204: gcc -c -O2 -g0   conftest.c >&5
configure:4210: $? = 0
configure:4214: test -z 
			 || test ! -s conftest.err
configure:4217: $? = 0
configure:4220: test -s conftest.o
configure:4223: $? = 0
configure:4234: result: yes
configure:4188: checking for inttypes.h
configure:4204: gcc -c -O2 -g0   conftest.c >&5
configure:4210: $? = 0
configure:4214: test -z 
			 || test ! -s conftest.err
configure:4217: $? = 0
configure:4220: test -s conftest.o
configure:4223: $? = 0
configure:4234: result: yes
configure:4188: checking for stdint.h
configure:4204: gcc -c -O2 -g0   conftest.c >&5
configure:4210: $? = 0
configure:4214: test -z 
			 || test ! -s conftest.err
configure:4217: $? = 0
configure:4220: test -s conftest.o
configure:4223: $? = 0
configure:4234: result: yes
configure:4188: checking for unistd.h
configure:4204: gcc -c -O2 -g0   conftest.c >&5
configure:4210: $? = 0
configure:4214: test -z 
			 || test ! -s conftest.err
configure:4217: $? = 0
configure:4220: test -s conftest.o
configure:4223: $? = 0
configure:4234: result: yes
configure:4260: checking dlfcn.h usability
configure:4272: gcc -c -O2 -g0   conftest.c >&5
configure:4278: $? = 0
configure:4282: test -z 
			 || test ! -s conftest.err
configure:4285: $? = 0
configure:4288: test -s conftest.o
configure:4291: $? = 0
configure:4301: result: yes
configure:4305: checking dlfcn.h presence
configure:4315: gcc -E  conftest.c
configure:4321: $? = 0
configure:4341: result: yes
configure:4376: checking for dlfcn.h
configure:4383: result: yes
configure:4448: checking for g++
configure:4464: found /usr/bin/g++
configure:4474: result: g++
configure:4490: checking for C++ compiler version
configure:4493: g++ --version </dev/null >&5
g++ (GCC) 4.0.1 (4.0.1-5mdk for Mandriva Linux release 2006.0)
Copyright (C) 2005 Free Software Foundation, Inc.
This is free software; see the source for copying conditions.  There is NO
warranty; not even for MERCHANTABILITY or FITNESS FOR A PARTICULAR PURPOSE.

configure:4496: $? = 0
configure:4498: g++ -v </dev/null >&5
Using built-in specs.
Target: i586-mandriva-linux-gnu
Configured with: ../configure --prefix=/usr --libexecdir=/usr/lib --with-slibdir=/lib --mandir=/usr/share/man --infodir=/usr/share/info --enable-shared --enable-threads=posix --disable-checking --enable-languages=c,c++,ada,f95,objc,java --host=i586-mandriva-linux-gnu --with-system-zlib --enable-long-long --enable-__cxa_atexit --enable-clocale=gnu --disable-libunwind-exceptions --enable-java-awt=gtk --with-java-home=/usr/lib/jvm/java-1.4.2-gcj-1.4.2.0/jre --enable-gtk-cairo --disable-libjava-multilib
Thread model: posix
gcc version 4.0.1 (4.0.1-5mdk for Mandriva Linux release 2006.0)
configure:4501: $? = 0
configure:4503: g++ -V </dev/null >&5
g++: '-V' option must have argument
configure:4506: $? = 1
configure:4509: checking whether we are using the GNU C++ compiler
configure:4533: g++ -c   conftest.cc >&5
configure:4539: $? = 0
configure:4543: test -z 
			 || test ! -s conftest.err
configure:4546: $? = 0
configure:4549: test -s conftest.o
configure:4552: $? = 0
configure:4565: result: yes
configure:4571: checking whether g++ accepts -g
configure:4592: g++ -c -g  conftest.cc >&5
configure:4598: $? = 0
configure:4602: test -z 
			 || test ! -s conftest.err
configure:4605: $? = 0
configure:4608: test -s conftest.o
configure:4611: $? = 0
configure:4622: result: yes
configure:4664: g++ -c -g -O2  conftest.cc >&5
configure:4670: $? = 0
configure:4674: test -z 
			 || test ! -s conftest.err
configure:4677: $? = 0
configure:4680: test -s conftest.o
configure:4683: $? = 0
configure:4709: g++ -c -g -O2  conftest.cc >&5
conftest.cc: In function 'int main()':
conftest.cc:26: error: 'exit' was not declared in this scope
configure:4715: $? = 1
configure: failed program was:
| /* confdefs.h.  */
| 
| #define PACKAGE_NAME ""
| #define PACKAGE_TARNAME ""
| #define PACKAGE_VERSION ""
| #define PACKAGE_STRING ""
| #define PACKAGE_BUGREPORT ""
| #define PACKAGE "bg_udf"
| #define VERSION "0.1"
| #define STDC_HEADERS 1
| #define HAVE_SYS_TYPES_H 1
| #define HAVE_SYS_STAT_H 1
| #define HAVE_STDLIB_H 1
| #define HAVE_STRING_H 1
| #define HAVE_MEMORY_H 1
| #define HAVE_STRINGS_H 1
| #define HAVE_INTTYPES_H 1
| #define HAVE_STDINT_H 1
| #define HAVE_UNISTD_H 1
| #define HAVE_DLFCN_H 1
| /* end confdefs.h.  */
| 
| int
| main ()
| {
| exit (42);
|   ;
|   return 0;
| }
configure:4664: g++ -c -g -O2  conftest.cc >&5
configure:4670: $? = 0
configure:4674: test -z 
			 || test ! -s conftest.err
configure:4677: $? = 0
configure:4680: test -s conftest.o
configure:4683: $? = 0
configure:4709: g++ -c -g -O2  conftest.cc >&5
configure:4715: $? = 0
configure:4719: test -z 
			 || test ! -s conftest.err
configure:4722: $? = 0
configure:4725: test -s conftest.o
configure:4728: $? = 0
configure:4753: checking dependency style of g++
configure:4836: result: gcc3
configure:4863: checking how to run the C++ preprocessor
configure:4894: g++ -E  conftest.cc
configure:4900: $? = 0
configure:4932: g++ -E  conftest.cc
conftest.cc:25:28: error: ac_nonexistent.h: No such file or directory
configure:4938: $? = 1
configure: failed program was:
| /* confdefs.h.  */
| 
| #define PACKAGE_NAME ""
| #define PACKAGE_TARNAME ""
| #define PACKAGE_VERSION ""
| #define PACKAGE_STRING ""
| #define PACKAGE_BUGREPORT ""
| #define PACKAGE "bg_udf"
| #define VERSION "0.1"
| #define STDC_HEADERS 1
| #define HAVE_SYS_TYPES_H 1
| #define HAVE_SYS_STAT_H 1
| #define HAVE_STDLIB_H 1
| #define HAVE_STRING_H 1
| #define HAVE_MEMORY_H 1
| #define HAVE_STRINGS_H 1
| #define HAVE_INTTYPES_H 1
| #define HAVE_STDINT_H 1
| #define HAVE_UNISTD_H 1
| #define HAVE_DLFCN_H 1
| #ifdef __cplusplus
| extern "C" void std::exit (int) throw (); using std::exit;
| #endif
| /* end confdefs.h.  */
| #include <ac_nonexistent.h>
configure:4977: result: g++ -E
configure:5001: g++ -E  conftest.cc
configure:5007: $? = 0
configure:5039: g++ -E  conftest.cc
conftest.cc:25:28: error: ac_nonexistent.h: No such file or directory
configure:5045: $? = 1
configure: failed program was:
| /* confdefs.h.  */
| 
| #define PACKAGE_NAME ""
| #define PACKAGE_TARNAME ""
| #define PACKAGE_VERSION ""
| #define PACKAGE_STRING ""
| #define PACKAGE_BUGREPORT ""
| #define PACKAGE "bg_udf"
| #define VERSION "0.1"
| #define STDC_HEADERS 1
| #define HAVE_SYS_TYPES_H 1
| #define HAVE_SYS_STAT_H 1
| #define HAVE_STDLIB_H 1
| #define HAVE_STRING_H 1
| #define HAVE_MEMORY_H 1
| #define HAVE_STRINGS_H 1
| #define HAVE_INTTYPES_H 1
| #define HAVE_STDINT_H 1
| #define HAVE_UNISTD_H 1
| #define HAVE_DLFCN_H 1
| #ifdef __cplusplus
| extern "C" void std::exit (int) throw (); using std::exit;
| #endif
| /* end confdefs.h.  */
| #include <ac_nonexistent.h>
configure:5142: checking for g77
configure:5171: result: no
configure:5142: checking for f77
configure:5171: result: no
configure:5142: checking for xlf
configure:5171: result: no
configure:5142: checking for frt
configure:5171: result: no
configure:5142: checking for pgf77
configure:5171: result: no
configure:5142: checking for fort77
configure:5171: result: no
configure:5142: checking for fl32
configure:5171: result: no
configure:5142: checking for af77
configure:5171: result: no
configure:5142: checking for f90
configure:5171: result: no
configure:5142: checking for xlf90
configure:5171: result: no
configure:5142: checking for pgf90
configure:5171: result: no
configure:5142: checking for epcf90
configure:5171: result: no
configure:5142: checking for f95
configure:5171: result: no
configure:5142: checking for fort
configure:5171: result: no
configure:5142: checking for xlf95
configure:5171: result: no
configure:5142: checking for ifc
configure:5171: result: no
configure:5142: checking for efc
configure:5171: result: no
configure:5142: checking for pgf95
configure:5171: result: no
configure:5142: checking for lf95
configure:5171: result: no
configure:5142: checking for gfortran
configure:5171: result: no
configure:5183: checking for Fortran 77 compiler version
configure:5186:  --version </dev/null >&5
/root/bg_udf/configure: line 5187: --version: command not found
configure:5189: $? = 127
configure:5191:  -v </dev/null >&5
/root/bg_udf/configure: line 5192: -v: command not found
configure:5194: $? = 127
configure:5196:  -V </dev/null >&5
/root/bg_udf/configure: line 5197: -V: command not found
configure:5199: $? = 127
configure:5207: checking whether we are using the GNU Fortran 77 compiler
configure:5221:  -c  conftest.F >&5
/root/bg_udf/configure: line 5222: -c: command not found
configure:5227: $? = 127
configure: failed program was:
|       program main
| #ifndef __GNUC__
|        choke me
| #endif
| 
|       end
configure:5253: result: no
configure:5259: checking whether  accepts -g
configure:5271:  -c -g conftest.f >&5
/root/bg_udf/configure: line 5272: -c: command not found
configure:5277: $? = 127
configure: failed program was:
|       program main
| 
|       end
configure:5302: result: no
configure:5332: checking the maximum length of command line arguments
configure:5424: result: 32768
configure:5435: checking command to parse /usr/bin/nm -B output from gcc object
configure:5531: gcc -c -O2 -g0   conftest.c >&5
configure:5534: $? = 0
configure:5538: /usr/bin/nm -B conftest.o \| sed -n -e 's/^.*[ 	]\([ABCDGIRSTW][ABCDGIRSTW]*\)[ 	][ 	]*\([_A-Za-z][_A-Za-z0-9]*\)$/\1 \2 \2/p' \> conftest.nm
configure:5541: $? = 0
configure:5593: gcc -o conftest -O2 -g0   -lm -lgds conftest.c conftstm.o >&5
configure:5596: $? = 0
configure:5634: result: ok
configure:5638: checking for objdir
configure:5653: result: .libs
configure:5743: checking for ar
configure:5759: found /usr/bin/ar
configure:5770: result: ar
configure:5823: checking for ranlib
configure:5839: found /usr/bin/ranlib
configure:5850: result: ranlib
configure:5903: checking for strip
configure:5919: found /usr/bin/strip
configure:5930: result: strip
configure:6217: checking if gcc static flag  works
configure:6245: result: yes
configure:6263: checking if gcc supports -fno-rtti -fno-exceptions
configure:6281: gcc -c -O2 -g0   -fno-rtti -fno-exceptions conftest.c >&5
cc1: warning: command line option "-fno-rtti" is valid for C++/ObjC++ but not for C
configure:6285: $? = 0
configure:6298: result: no
configure:6313: checking for gcc option to produce PIC
configure:6517: result: -fPIC
configure:6525: checking if gcc PIC flag -fPIC works
configure:6543: gcc -c -O2 -g0   -fPIC -DPIC conftest.c >&5
configure:6547: $? = 0
configure:6560: result: yes
configure:6584: checking if gcc supports -c -o file.o
configure:6605: gcc -c -O2 -g0   -o out/conftest2.o conftest.c >&5
configure:6609: $? = 0
configure:6631: result: yes
configure:6657: checking whether the gcc linker (/usr/bin/ld) supports shared libraries
configure:7553: result: yes
configure:7579: checking whether -lc should be explicitly linked in
configure:7584: gcc -c -O2 -g0   conftest.c >&5
configure:7587: $? = 0
configure:7601: gcc -shared conftest.o  -v -Wl,-soname -Wl,conftest -o conftest 2\>\&1 \| grep  -lc  \>/dev/null 2\>\&1
configure:7604: $? = 0
configure:7616: result: no
configure:7624: checking dynamic linker characteristics
configure:8191: result: GNU/Linux ld.so
configure:8195: checking how to hardcode library paths into programs
configure:8220: result: immediate
configure:8234: checking whether stripping libraries is possible
configure:8239: result: yes
configure:9069: checking if libtool supports shared libraries
configure:9071: result: yes
configure:9074: checking whether to build shared libraries
configure:9095: result: yes
configure:9098: checking whether to build static libraries
configure:9102: result: yes
configure:9194: creating libtool
configure:9772: checking for ld used by g++
configure:9839: result: /usr/bin/ld
configure:9848: checking if the linker (/usr/bin/ld) is GNU ld
configure:9863: result: yes
configure:9914: checking whether the g++ linker (/usr/bin/ld) supports shared libraries
configure:10801: result: yes
configure:10819: g++ -c -g -O2  conftest.cc >&5
configure:10822: $? = 0
configure:10918: checking for g++ option to produce PIC
configure:11186: result: -fPIC
configure:11194: checking if g++ PIC flag -fPIC works
configure:11212: g++ -c -g -O2  -fPIC -DPIC conftest.cc >&5
configure:11216: $? = 0
configure:11229: result: yes
configure:11253: checking if g++ supports -c -o file.o
configure:11274: g++ -c -g -O2  -o out/conftest2.o conftest.cc >&5
configure:11278: $? = 0
configure:11300: result: yes
configure:11326: checking whether the g++ linker (/usr/bin/ld) supports shared libraries
configure:11351: result: yes
configure:11422: checking dynamic linker characteristics
configure:11989: result: GNU/Linux ld.so
configure:11993: checking how to hardcode library paths into programs
configure:12018: result: immediate
configure:12032: checking whether stripping libraries is possible
configure:12037: result: yes
configure:19703: creating ./config.status

## ---------------------- ##
## Running config.status. ##
## ---------------------- ##

This file was extended by config.status, which was
generated by GNU Autoconf 2.59.  Invocation command line was

  CONFIG_FILES    = 
  CONFIG_HEADERS  = 
  CONFIG_LINKS    = 
  CONFIG_COMMANDS = 
  $ ./config.status 

on localhost

config.status:712: creating Makefile
config.status:712: creating src/Makefile
config.status:809: creating config.h
config.status:1097: executing depfiles commands

## ---------------- ##
## Cache variables. ##
## ---------------- ##

ac_cv_build=i686-pc-linux-gnu
ac_cv_build_alias=i686-pc-linux-gnu
ac_cv_c_compiler_gnu=yes
ac_cv_cxx_compiler_gnu=yes
ac_cv_env_CC_set=
ac_cv_env_CC_value=
ac_cv_env_CFLAGS_set=set
ac_cv_env_CFLAGS_value='-O2 -g0 '
ac_cv_env_CPPFLAGS_set=
ac_cv_env_CPPFLAGS_value=
ac_cv_env_CPP_set=
ac_cv_env_CPP_value=
ac_cv_env_CXXCPP_set=
ac_cv_env_CXXCPP_value=
ac_cv_env_CXXFLAGS_set=
ac_cv_env_CXXFLAGS_value=
ac_cv_env_CXX_set=
ac_cv_env_CXX_value=
ac_cv_env_F77_set=
ac_cv_env_F77_value=
ac_cv_env_FFLAGS_set=
ac_cv_env_FFLAGS_value=
ac_cv_env_LDFLAGS_set=set
ac_cv_env_LDFLAGS_value='-lm -lgds'
ac_cv_env_build_alias_set=
ac_cv_env_build_alias_value=
ac_cv_env_host_alias_set=
ac_cv_env_host_alias_value=
ac_cv_env_target_alias_set=
ac_cv_env_target_alias_value=
ac_cv_exeext=
ac_cv_f77_compiler_gnu=no
ac_cv_header_dlfcn_h=yes
ac_cv_header_inttypes_h=yes
ac_cv_header_memory_h=yes
ac_cv_header_stdc=yes
ac_cv_header_stdint_h=yes
ac_cv_header_stdlib_h=yes
ac_cv_header_string_h=yes
ac_cv_header_strings_h=yes
ac_cv_header_sys_stat_h=yes
ac_cv_header_sys_types_h=yes
ac_cv_header_unistd_h=yes
ac_cv_host=i686-pc-linux-gnu
ac_cv_host_alias=i686-pc-linux-gnu
ac_cv_objext=o
ac_cv_path_install='/usr/bin/install -c'
ac_cv_prog_AWK=gawk
ac_cv_prog_CPP='gcc -E'
ac_cv_prog_CXXCPP='g++ -E'
ac_cv_prog_ac_ct_AR=ar
ac_cv_prog_ac_ct_CC=gcc
ac_cv_prog_ac_ct_CXX=g++
ac_cv_prog_ac_ct_RANLIB=ranlib
ac_cv_prog_ac_ct_STRIP=strip
ac_cv_prog_cc_g=yes
ac_cv_prog_cc_stdc=
ac_cv_prog_cxx_g=yes
ac_cv_prog_egrep='grep -E'
ac_cv_prog_f77_g=no
ac_cv_prog_make_make_set=yes
am_cv_CC_dependencies_compiler_type=gcc3
am_cv_CXX_dependencies_compiler_type=gcc3
lt_cv_deplibs_check_method=pass_all
lt_cv_file_magic_cmd='$MAGIC_CMD'
lt_cv_file_magic_test_file=
lt_cv_ld_reload_flag=-r
lt_cv_objdir=.libs
lt_cv_path_LD=/usr/bin/ld
lt_cv_path_LDCXX=/usr/bin/ld
lt_cv_path_NM='/usr/bin/nm -B'
lt_cv_path_SED=/bin/sed
lt_cv_prog_compiler_c_o=yes
lt_cv_prog_compiler_c_o_CXX=yes
lt_cv_prog_compiler_rtti_exceptions=no
lt_cv_prog_gnu_ld=yes
lt_cv_prog_gnu_ldcxx=yes
lt_cv_sys_global_symbol_pipe='sed -n -e '\''s/^.*[ 	]\([ABCDGIRSTW][ABCDGIRSTW]*\)[ 	][ 	]*\([_A-Za-z][_A-Za-z0-9]*\)$/\1 \2 \2/p'\'''
lt_cv_sys_global_symbol_to_c_name_address='sed -n -e '\''s/^: \([^ ]*\) $/  {\"\1\", (lt_ptr) 0},/p'\'' -e '\''s/^[BCDEGRST] \([^ ]*\) \([^ ]*\)$/  {"\2", (lt_ptr) \&\2},/p'\'''
lt_cv_sys_global_symbol_to_cdecl='sed -n -e '\''s/^. .* \(.*\)$/extern int \1;/p'\'''
lt_cv_sys_max_cmd_len=32768
lt_lt_cv_prog_compiler_c_o='"yes"'
lt_lt_cv_prog_compiler_c_o_CXX='"yes"'
lt_lt_cv_sys_global_symbol_pipe='"sed -n -e '\''s/^.*[ 	]\\([ABCDGIRSTW][ABCDGIRSTW]*\\)[ 	][ 	]*\\([_A-Za-z][_A-Za-z0-9]*\\)\$/\\1 \\2 \\2/p'\''"'
lt_lt_cv_sys_global_symbol_to_c_name_address='"sed -n -e '\''s/^: \\([^ ]*\\) \$/  {\\\"\\1\\\", (lt_ptr) 0},/p'\'' -e '\''s/^[BCDEGRST] \\([^ ]*\\) \\([^ ]*\\)\$/  {\"\\2\", (lt_ptr) \\&\\2},/p'\''"'
lt_lt_cv_sys_global_symbol_to_cdecl='"sed -n -e '\''s/^. .* \\(.*\\)\$/extern int \\1;/p'\''"'

## ----------------- ##
## Output variables. ##
## ----------------- ##

ACLOCAL='${SHELL} /root/bg_udf/missing --run aclocal-1.7'
AMDEPBACKSLASH='\'
AMDEP_FALSE='#'
AMDEP_TRUE=''
AMTAR='${SHELL} /root/bg_udf/missing --run tar'
AR='ar'
AUTOCONF='${SHELL} /root/bg_udf/missing --run autoconf'
AUTOHEADER='${SHELL} /root/bg_udf/missing --run autoheader'
AUTOMAKE='${SHELL} /root/bg_udf/missing --run automake-1.7'
AWK='gawk'
CC='gcc'
CCDEPMODE='depmode=gcc3'
CFLAGS='-O2 -g0 '
CPP='gcc -E'
CPPFLAGS=''
CXX='g++'
CXXCPP='g++ -E'
CXXDEPMODE='depmode=gcc3'
CXXFLAGS='-g -O2'
CYGPATH_W='echo'
DEFS='-DHAVE_CONFIG_H'
DEPDIR='.deps'
ECHO='echo'
ECHO_C=''
ECHO_N='-n'
ECHO_T=''
EGREP='grep -E'
EXEEXT=''
F77=''
FFLAGS=''
INSTALL_DATA='${INSTALL} -m 644'
INSTALL_PROGRAM='${INSTALL}'
INSTALL_SCRIPT='${INSTALL}'
INSTALL_STRIP_PROGRAM='${SHELL} $(install_sh) -c -s'
LDFLAGS='-lm -lgds'
LIBOBJS=''
LIBS=''
LIBTOOL='$(SHELL) $(top_builddir)/libtool'
LN_S='ln -s'
LTLIBOBJS=''
MAKEINFO='${SHELL} /root/bg_udf/missing --run makeinfo'
OBJEXT='o'
PACKAGE='bg_udf'
PACKAGE_BUGREPORT=''
PACKAGE_NAME=''
PACKAGE_STRING=''
PACKAGE_TARNAME=''
PACKAGE_VERSION=''
PATH_SEPARATOR=':'
RANLIB='ranlib'
SET_MAKE=''
SHELL='/bin/sh'
STRIP='strip'
VERSION='0.1'
ac_ct_AR='ar'
ac_ct_CC='gcc'
ac_ct_CXX='g++'
ac_ct_F77=''
ac_ct_RANLIB='ranlib'
ac_ct_STRIP='strip'
am__fastdepCC_FALSE='#'
am__fastdepCC_TRUE=''
am__fastdepCXX_FALSE='#'
am__fastdepCXX_TRUE=''
am__include='include'
am__leading_dot='.'
am__quote=''
bindir='${exec_prefix}/bin'
build='i686-pc-linux-gnu'
build_alias=''
build_cpu='i686'
build_os='linux-gnu'
build_vendor='pc'
datadir='${prefix}/share'
exec_prefix='${prefix}'
host='i686-pc-linux-gnu'
host_alias=''
host_cpu='i686'
host_os='linux-gnu'
host_vendor='pc'
includedir='${prefix}/include'
infodir='${prefix}/info'
install_sh='/root/bg_udf/install-sh'
libdir='${exec_prefix}/lib'
libexecdir='${exec_prefix}/libexec'
localstatedir='${prefix}/var'
mandir='${prefix}/man'
oldincludedir='/usr/include'
prefix='/usr/local'
program_transform_name='s,x,x,'
sbindir='${exec_prefix}/sbin'
sharedstatedir='${prefix}/com'
sysconfdir='${prefix}/etc'
target_alias=''

## ----------- ##
## confdefs.h. ##
## ----------- ##

#define HAVE_DLFCN_H 1
#define HAVE_INTTYPES_H 1
#define HAVE_MEMORY_H 1
#define HAVE_STDINT_H 1
#define HAVE_STDLIB_H 1
#define HAVE_STRINGS_H 1
#define HAVE_STRING_H 1
#define HAVE_SYS_STAT_H 1
#define HAVE_SYS_TYPES_H 1
#define HAVE_UNISTD_H 1
#define PACKAGE "bg_udf"
#define PACKAGE_BUGREPORT ""
#define PACKAGE_NAME ""
#define PACKAGE_STRING ""
#define PACKAGE_TARNAME ""
#define PACKAGE_VERSION ""
#define STDC_HEADERS 1
#define VERSION "0.1"
#endif
#ifdef __cplusplus
extern "C" void std::exit (int) throw (); using std::exit;

configure: exit 0
