2008-02-15 09:06:16: Запуск выгрузки прайс-листов
2008-02-15 09:06:44: Запуск выгрузки прайс-листов
2008-02-15 09:06:44: Выгрузка прайс-листа для ИП Коротков А.Н.
2008-02-15 09:07:19: Выгружено 4
2008-02-15 09:07:19: Выгрузка прайс-листа для ИП Зачиналов Сергей Анатольевич
2008-02-15 09:07:26: Выгружено 4
2008-02-15 09:07:26: Выгрузка прайс-листа для ЧП Паладьев Павел Николаевич
2008-02-15 09:07:32: Выгружено 4
2008-02-15 09:07:32: Выгрузка прайс-листа для "Алюпласт"ЗАО
2008-02-15 09:07:38: Выгружено 4
2008-02-15 09:07:38: Выгрузка прайс-листа для Сторожев И. Г.
2008-02-15 09:07:45: Выгружено 5
2008-02-15 09:08:14: Запуск выгрузки прайс-листов
2008-02-15 09:08:14: Выгрузка прайс-листа для ИП Коротков А.Н.
2008-02-15 09:08:20: Выгружено 4
2008-02-15 09:08:20: Выгрузка прайс-листа для ИП Зачиналов Сергей Анатольевич
2008-02-15 09:08:27: Выгружено 4
2008-02-15 09:08:27: Выгрузка прайс-листа для ЧП Паладьев Павел Николаевич
2008-02-15 09:08:33: Выгружено 4
2008-02-15 09:08:33: Выгрузка прайс-листа для "Алюпласт"ЗАО
2008-02-15 09:08:39: Выгружено 4
2008-02-15 09:08:39: Выгрузка прайс-листа для Сторожев И. Г.
2008-02-15 09:08:46: Выгружено 5
2008-02-15 09:09:25: Запуск выгрузки прайс-листов
2008-02-15 09:09:25: Выгрузка прайс-листа для ИП Коротков А.Н.
2008-02-15 09:09:31: Выгружено 5
2008-02-15 09:09:31: Выгрузка прайс-листа для ИП Зачиналов Сергей Анатольевич
2008-02-15 09:09:38: Выгружено 5
2008-02-15 09:09:38: Выгрузка прайс-листа для ЧП Паладьев Павел Николаевич
2008-02-15 09:09:44: Выгружено 5
2008-02-15 09:09:44: Выгрузка прайс-листа для "Алюпласт"ЗАО
2008-02-15 09:09:51: Выгружено 5
2008-02-15 09:09:51: Выгрузка прайс-листа для Сторожев И. Г.
2008-02-15 09:09:57: Выгружено 5
2008-02-15 09:11:27: Запуск выгрузки прайс-листов
2008-02-15 09:11:27: Выгрузка прайс-листа для ИП Коротков А.Н.
2008-02-15 09:11:34: Выгружено 1
2008-02-15 09:11:34: Выгрузка прайс-листа для ИП Зачиналов Сергей Анатольевич
2008-02-15 09:11:40: Выгружено 2
2008-02-15 09:11:40: Выгрузка прайс-листа для ЧП Паладьев Павел Николаевич
2008-02-15 09:12:14: Запуск выгрузки прайс-листов
2008-02-15 09:12:14: Выгрузка прайс-листа для ИП Коротков А.Н.
2008-02-15 09:12:21: Выгружено 542 позиций
2008-02-15 09:12:21: Выгрузка прайс-листа для ИП Зачиналов Сергей Анатольевич
2008-02-15 09:12:27: Выгружено 542 позиций
2008-02-15 09:12:27: Выгрузка прайс-листа для ЧП Паладьев Павел Николаевич
2008-02-15 09:12:34: Выгружено 542 позиций
2008-02-15 09:12:34: Выгрузка прайс-листа для "Алюпласт"ЗАО
2008-02-15 09:12:40: Выгружено 542 позиций
2008-02-15 09:12:40: Выгрузка прайс-листа для Сторожев И. Г.
2008-02-15 09:12:47: Выгружено 542 позиций
2008-02-15 09:13:42: Запуск выгрузки прайс-листов
2008-02-15 09:13:43: Выгрузка прайс-листа для ИП Коротков А.Н.
2008-02-15 09:13:49: Выгружено 542 позиций
2008-02-15 09:13:49: Выгрузка прайс-листа для ИП Зачиналов Сергей Анатольевич
2008-02-15 09:13:56: Выгружено 542 позиций
2008-02-15 09:13:56: Выгрузка прайс-листа для ЧП Паладьев Павел Николаевич
2008-02-15 09:14:02: Выгружено 542 позиций
2008-02-15 09:14:02: Выгрузка прайс-листа для "Алюпласт"ЗАО
2008-02-15 09:14:09: Выгружено 542 позиций
2008-02-15 09:14:09: Выгрузка прайс-листа для Сторожев И. Г.
2008-02-15 09:14:15: Выгружено 542 позиций
2008-02-15 09:35:25: Запуск выгрузки прайс-листов
2008-02-15 09:35:25: Выгрузка прайс-листа для ИП Коротков А.Н.
2008-02-15 09:35:32: Выгружено 542 позиций
2008-02-15 09:35:32: Выгрузка прайс-листа для ИП Зачиналов Сергей Анатольевич
2008-02-15 09:35:39: Выгружено 542 позиций
2008-02-15 09:35:39: Выгрузка прайс-листа для ЧП Паладьев Павел Николаевич
2008-02-15 09:35:45: Выгружено 542 позиций
2008-02-15 09:35:45: Выгрузка прайс-листа для "Алюпласт"ЗАО
2008-02-15 09:35:51: Выгружено 542 позиций
2008-02-15 09:35:51: Выгрузка прайс-листа для Сторожев И. Г.
2008-02-15 09:35:58: Выгружено 542 позиций
2008-02-15 09:41:01: Запуск выгрузки прайс-листов
2008-02-15 09:41:01: Выгрузка прайс-листа для ИП Коротков А.Н.
2008-02-15 09:41:01: Invalid filename
2008-02-15 09:41:23: Запуск выгрузки прайс-листов
2008-02-15 09:41:23: Запуск выгрузки прайс-листов
2008-02-15 09:41:26: Выгрузка прайс-листа для ИП Коротков А.Н.
2008-02-15 09:43:52: Запуск выгрузки прайс-листов
2008-02-15 09:43:56: Выгрузка прайс-листа для ИП Коротков А.Н.
2008-02-15 09:44:03: Выгружено 542 позиций
2008-02-15 09:44:03: Выгрузка прайс-листа для ИП Зачиналов Сергей Анатольевич
2008-02-15 09:44:10: Выгружено 542 позиций
2008-02-15 09:44:10: Выгрузка прайс-листа для ЧП Паладьев Павел Николаевич
2008-02-15 09:44:17: Выгружено 542 позиций
2008-02-15 09:44:17: Выгрузка прайс-листа для "Алюпласт"ЗАО
2008-02-15 09:44:23: Выгружено 542 позиций
2008-02-15 09:44:23: Выгрузка прайс-листа для Сторожев И. Г.
2008-02-15 09:44:29: Выгружено 542 позиций
2008-02-18 08:57:10: Запуск выгрузки прайс-листов
2008-02-18 08:57:11: Database name is missing
2008-02-18 08:58:19: Запуск выгрузки прайс-листов
2008-02-18 08:58:20: Database name is missing
2008-02-18 08:58:36: Запуск выгрузки прайс-листов
2008-02-18 08:58:37: Выгрузка прайс-листа для ИП Коротков А.Н.
2008-02-18 08:59:11: Выгружено 542 позиций
2008-02-18 08:59:11: Запуск выгрузки прайс-листов
2008-02-18 08:59:11: Выгрузка прайс-листа для ИП Зачиналов Сергей Анатольевич
2008-02-18 08:59:18: Выгружено 542 позиций
2008-02-18 08:59:18: Выгрузка прайс-листа для ЧП Паладьев Павел Николаевич
2008-02-18 08:59:25: Выгружено 542 позиций
2008-02-18 08:59:25: Выгрузка прайс-листа для "Алюпласт"ЗАО
2008-02-18 08:59:32: Выгружено 542 позиций
2008-02-18 08:59:32: Выгрузка прайс-листа для Сторожев И. Г.
2008-02-18 08:59:39: Выгружено 542 позиций
2008-02-18 14:06:03: Запуск выгрузки прайс-листов
2008-02-18 14:06:03: Выгрузка прайс-листа для ИП Коротков А.Н.
2008-02-18 14:07:01: Выгружено 542 позиций
2008-02-18 14:07:01: Выгрузка прайс-листа для ИП Зачиналов Сергей Анатольевич
2008-02-18 14:07:09: Выгружено 542 позиций
2008-02-18 14:07:09: Выгрузка прайс-листа для ЧП Паладьев Павел Николаевич
2008-02-18 14:07:16: Выгружено 542 позиций
2008-02-18 14:07:16: Выгрузка прайс-листа для "Алюпласт"ЗАО
2008-02-18 14:07:23: Выгружено 542 позиций
2008-02-18 14:07:23: Выгрузка прайс-листа для Сторожев И. Г.
2008-02-18 14:07:30: Выгружено 542 позиций
2008-02-20 15:37:33: Запуск выгрузки прайс-листов
2008-02-20 15:37:33: Выгрузка прайс-листа для ИП Зачиналов Сергей Анатольевич
2008-02-20 15:37:52: Выгружено 543 позиций
2008-02-20 15:46:43: Запуск выгрузки прайс-листов
2008-02-20 15:46:43: Выгрузка прайс-листа для ИП Зачиналов Сергей Анатольевич
2008-02-20 15:46:51: Выгружено 543 позиций
2008-02-20 15:49:58: Запуск выгрузки прайс-листов
2008-02-20 15:49:58: Выгрузка прайс-листа для ИП Зачиналов Сергей Анатольевич
2008-02-20 15:50:06: Выгружено 543 позиций
2008-03-11 12:19:44: Запуск выгрузки прайс-листов
2008-03-11 12:19:44: Запуск выгрузки прайс-листов
2008-03-11 12:19:44: Выгрузка прайс-листа для ИП Зачиналов Сергей Анатольевич
