28/03/2006 12:46:02 Читаем файл конфигурации...
28/03/2006 12:46:12 Читаем файл конфигурации...
28/03/2006 12:54:04 Читаем файл конфигурации...
28/03/2006 12:55:13 Читаем файл конфигурации...
28/03/2006 12:58:49 Читаем файл конфигурации...
28/03/2006 12:59:03 Читаем файл конфигурации...
28/03/2006 12:59:07 Читаем файл конфигурации...
28/03/2006 12:59:39 Читаем файл конфигурации...
28/03/2006 13:01:23 Читаем файл конфигурации...
28/03/2006 13:01:35 Читаем файл конфигурации...
28/03/2006 13:01:59 Читаем файл конфигурации...
28/03/2006 13:02:01 Читаем файл конфигурации...
28/03/2006 13:02:03 Читаем файл конфигурации...
28/03/2006 13:02:04 Читаем файл конфигурации...
28/03/2006 13:06:32 Читаем файл конфигурации...
28/03/2006 13:06:40 Читаем файл конфигурации...
28/03/2006 13:06:40 Читаем файл конфигурации...
28/03/2006 13:06:53 Читаем файл конфигурации...
28/03/2006 13:07:51 Читаем файл конфигурации...
28/03/2006 13:08:48 Читаем файл конфигурации...
28/03/2006 13:09:15 Читаем файл конфигурации...
28/03/2006 13:15:44 Читаем файл конфигурации...
28/03/2006 13:15:46 Читаем файл конфигурации...
28/03/2006 13:17:15 Читаем файл конфигурации...
28/03/2006 13:17:28 Читаем файл конфигурации...
28/03/2006 13:17:37 Читаем файл конфигурации...
28/03/2006 13:17:44 Читаем файл конфигурации...
28/03/2006 13:18:05 Читаем файл конфигурации...
28/03/2006 13:18:14 Читаем файл конфигурации...
28/03/2006 13:38:22 Читаем файл конфигурации...
28/03/2006 13:40:20 Читаем файл конфигурации...
28/03/2006 13:40:45 Обработка почты. В папке "Входящие" 6 сообщений
28/03/200629/03/2006 11:03:03 Читаем файл конфигурации...
29/03/2006 12:03:12 Читаем файл конфигурации...
29/03/2006 12:03:23 Выгрузка удаленных данных...
29/03/2006 12:03:38 Данные выгружены успешно!
29/03/2006 12:03:38 Временный файл закрыт!
29/03/2006 12:03:38 Формирование пакета закончено!
29/03/2006 12:03:38 Делим на пакеты...
29/03/2006 12:03:38 Сжимаем и формируем письма...
29/03/2006 12:03:40 Отправляем письма...
29/03/2006 12:03:49 Формируем письма...
29/03/2006 12:04:04 Отправляем письма...
29/03/2006 12:04:38 Читаем файл конфигурации...
29/03/2006 12:04:41 Выгрузка удаленных данных...
29/03/2006 12:04:51 Данные выгружены успешно!
29/03/2006 12:04:51 Временный файл закрыт!
29/03/2006 12:04:51 Формирование пакета закончено!
29/03/2006 12:04:51 Делим на пакеты...
29/03/2006 12:04:51 Сжимаем и формируем письма...
29/03/2006 12:04:53 Отправляем письма...
29/03/2006 12:04:59 Формируем письма...
29/03/2006 12:07:47 Читаем файл конфигурации...
29/03/2006 12:07:59 Удаленных данных нет!
29/03/2006 12:08:01 Данные выгружены успешно!
29/03/2006 12:08:01 Временный файл закрыт!
29/03/2006 12:08:01 Формирование пакета закончено!
29/03/2006 12:08:01 Делим на пакеты...
29/03/2006 12:08:01 Сжимаем и формируем письма...
29/03/2006 12:08:01 Отправляем письма...
29/03/2006 12:09:14 Удаленных данных нет!
29/03/2006 12:09:16 Данные выгружены успешно!
29/03/2006 12:09:16 Временный файл закрыт!
29/03/2006 12:09:16 Формирование пакета закончено!
29/03/2006 12:09:16 Делим на пакеты...
29/03/2006 12:09:16 Сжимаем и формируем письма...
29/03/2006 12:09:16 Отправляем письма...
29/03/2006 12:09:22 Письма отправлены. Фиксируем время отправки...
29/03/2006 12:09:22 Время отправки сохранено!
29/03/2006 12:09:22 Удаляем временные файлы...
29/03/2006 12:09:33 Удаленных данных нет!
29/03/2006 12:09:35 Данные выгружены успешно!
29/03/2006 12:09:35 Временный файл закрыт!
29/03/2006 12:09:35 Формирование пакета закончено!
29/03/2006 12:09:35 Делим на пакеты...
29/03/2006 12:09:35 Сжимаем и формируем письма...
29/03/2006 12:09:35 Отправляем письма...
29/03/2006 12:09:40 Письма отправлены. Фиксируем время отправки...
29/03/2006 12:09:40 Время отправки сохранено!
29/03/2006 12:09:40 Удаляем временные файлы...
29/03/2006 12:09:40 Письма выложены в папку "Исходящие"
29/03/2006 12:09:42 Обработка почты. В папке "Входящие" 41 сообщений
29/03/2006 12:09:43 ОК! Обработка завершена!
29/03/2006 12:11:43 Читаем файл конфигурации...
29/03/2006 12:12:23 Удаленных данных нет!
29/03/2006 12:12:26 Данные выгружены успешно!
29/03/2006 12:12:26 Временный файл закрыт!
29/03/2006 12:12:27 Формирование пакета закончено!
29/03/2006 12:12:27 Делим на пакеты...
29/03/2006 12:12:27 Сжимаем и формируем письма...
29/03/2006 12:12:27 Отправляем письма...
29/03/2006 12:12:32 Письма отправлены. Фиксируем время отправки...
29/03/2006 12:12:33 Время отправки сохранено!
29/03/2006 12:12:33 Удаляем временные файлы...
29/03/2006 12:12:33 Письма выложены в папку "Исходящие"
29/03/2006 12:12:46 Обработка почты. В папке "Входящие" 41 сообщений
29/03/2006 12:12:47 ОК! Обработка завершена!
29/03/2006 12:24:58 Читаем файл конфигурации...
29/03/2006 12:25:01 Удаленных данных нет!
29/03/2006 12:25:03 Данные выгружены успешно!
29/03/2006 12:25:03 Временный файл закрыт!
29/03/2006 12:25:03 Формирование пакета закончено!
29/03/2006 12:25:03 Делим на пакеты...
29/03/2006 12:25:03 Сжимаем и формируем письма...
29/03/2006 12:25:03 Отправляем письма...
29/03/2006 12:25:09 Письма отправлены. Фиксируем время отправки...
29/03/2006 12:25:09 Время отправки сохранено!
29/03/2006 12:25:09 Удаляем временные файлы...
29/03/2006 12:25:09 Письма выложены в папку "Исходящие"
29/03/2006 12:25:36 Обработка почты. В папке "Входящие" 42 сообщений
29/03/2006 12:26:11 ОК! Обработка завершена!
29/03/2006 12:26:15 Читаем файл конфигурации...
29/03/2006 12:26:16 Удаленных данных нет!
29/03/2006 12:26:18 Данные выгружены успешно!
29/03/2006 12:26:18 Временный файл закрыт!
29/03/2006 12:26:18 Формирование пакета закончено!
29/03/2006 12:26:18 Делим на пакеты...
29/03/2006 12:26:18 Сжимаем и формируем письма...
29/03/2006 12:26:18 Отправляем письма...
29/03/2006 12:26:24 Письма отправлены. Фиксируем время отправки...
29/03/2006 12:26:24 Время отправки сохранено!
29/03/2006 12:26:24 Удаляем временные файлы...
29/03/2006 12:26:24 Письма выложены в папку "Исходящие"
29/03/2006 12:26:31 Обработка почты. В папке "Входящ29/03/2006 12:27:28 Читаем файл конфигурации...
29/03/2006 12:27:39 Читаем файл конфигурации...
29/03/2006 12:27:46 Удаленных данных нет!
29/03/2006 12:27:49 Данные выгружены успешно!
29/03/2006 12:27:49 Временный файл закрыт!
29/03/2006 12:27:49 Формирование пакета закончено!
29/03/2006 12:27:49 Делим на пакеты...
29/03/2006 12:27:49 Сжимаем и формируем письма...
29/03/2006 12:27:49 Отправляем письма...
29/03/2006 12:27:54 Письма отправлены. Фиксируем время отправки...
29/03/2006 12:27:55 Время отправки сохранено!
29/03/2006 12:27:55 Удаляем временные файлы...
29/03/2006 12:27:55 Письма выложены в папку "Исходящие"
29/03/2006 12:28:10 Обработка почты. В папке "Входящие" 42 сообщений
29/03/2006 12:28:22 ОК! Обработка завершена!
29/03/2006 12:35:52 Читаем файл конфигурации...
29/03/2006 12:36:05 Удаленных данных нет!
29/03/2006 12:36:07 Данные выгружены успешно!
29/03/2006 12:36:07 Временный файл закрыт!
29/03/2006 12:36:07 Формирование пакета закончено!
29/03/2006 12:36:07 Делим на пакеты...
29/03/2006 12:36:07 Сжимаем и формируем письма...
29/03/2006 12:36:07 Отправляем письма...
29/03/2006 12:36:13 Письма отправлены. Фиксируем время отправки...
29/03/2006 12:36:13 Время отправки сохранено!
29/03/2006 12:36:13 Удаляем временные файлы...
29/03/2006 12:37:02 Обработка почты. В папке "Входящие" 42 сообщений
29/03/2006 12:37:04 ОК! Обработка завершена!
29/03/2006 12:37:31 Удаленных данных нет!
29/03/2006 12:37:33 Данные выгружены успешно!
29/03/2006 12:37:33 Временный файл закрыт!
29/03/2006 12:37:33 Формирование пакета закончено!
29/03/2006 12:37:33 Делим на пакеты...
29/03/2006 12:37:33 Сжимаем и формируем письма...
29/03/2006 12:37:33 Отправляем письма...
29/03/2006 12:37:39 Письма отправлены. Фиксируем время отправки...
29/03/2006 12:37:39 Время отправки сохранено!
29/03/2006 12:37:39 Удаляем временные файлы...
29/03/2006 12:39:07 Читаем файл конфигурации...
29/03/2006 12:39:16 Удаленных данных нет!
29/03/2006 12:39:18 Данные выгружены успешно!
29/03/2006 12:39:18 Временный файл закрыт!
29/03/2006 12:39:18 Формирование пакета закончено!
29/03/2006 12:39:18 Делим на пакеты...
29/03/2006 12:39:18 Сжимаем и формируем письма...
29/03/2006 12:39:18 Отправляем письма...
29/03/2006 12:39:24 Письма отправлены. Фиксируем время отправки...
29/03/2006 12:39:24 Время отправки сохранено!
29/03/2006 12:39:24 Удаляем временные файлы...
29/03/2006 12:39:45 Обработка почты. В папке "Входящие" 42 сообщений
29/03/2006 12:39:47 ОК! Обработка завершена!
29/03/2006 13:05:37 Читаем файл конфигурации...
29/03/2006 13:05:40 Выгрузка удаленных данных...
29/03/2006 13:05:43 Данные выгружены успешно!
29/03/2006 13:05:43 Временный файл закрыт!
29/03/2006 13:05:43 Формирование пакета закончено!
29/03/2006 13:05:43 Делим на пакеты...
29/03/2006 13:05:43 Сжимаем и формируем письма...
29/03/2006 13:05:43 Отправляем письма...
29/03/2006 13:13:06 Письма отправлены. Фиксируем время отправки...
29/03/2006 13:13:06 Время отправки сохранено!
29/03/2006 13:13:06 Удаляем временные файлы...
29/03/2006 13:13:07 Письма выложены в папку "Исходящие"
29/03/2006 13:13:08 Обработка почты. В папке "Входящие" 42 сообщений
29/03/2006 13:13:10 ОК! Обработка завершена!
29/03/2006 13:15:27 Читаем файл конфигурации...
29/03/2006 13:16:08 Читаем файл конфигурации...
29/03/2006 13:16:11 !!! Не удалось подключиться к базе данных!
29/03/2006 13:16:16 Читаем файл конфигурации...
29/03/2006 13:16:21 !!! Не удалось подключиться к базе данных!
29/03/2006 13:19:11 Читаем файл конфигурации...
29/03/2006 13:19:23 Читаем файл конфигурации...
29/03/2006 13:19:31 Обработка почты. В папке "Входящие" 43 сообщений
29/03/2006 13:19:32 ОК! Обработка завершена!
29/03/2006 13:26:36 Обработка почты. В папке "Входящие" 43 сообщений
29/03/2006 13:26:36 ОК! Обработка завершена!
11/04/2006 9:08:19 Читаем файл конфигурации...
11/04/2006 9:13:51 Читаем файл конфигурации...
11/04/2006 9:16:38 Читаем файл конфигурации...
11/04/2006 9:24:15 Читаем файл конфигурации...
11/04/2006 9:28:01 Читаем файл конфигурации...
11/04/2006 9:32:08 Читаем файл конфигурации...
11/04/2006 9:32:29 Выгрузка удаленных данных...
11/04/2006 9:32:30 Ошибка при выгрузке данных!
11/04/2006 9:32:33 Временный файл закрыт!
11/04/2006 9:32:33 !!! Неудачная отправка данных!
11/04/2006 9:32:33 !!!! Ощибка при подготовке данных!
11/04/2006 9:32:34 Письма выложены в папку "Исходящие"
11/04/2006 9:32:36 Обработка почты11/04/2006 9:32:55 Читаем файл конфигурации...
11/04/2006 9:32:56 Выгрузка удаленных данных...
11/04/2006 9:32:56 Ошибка при выгрузке данных!
11/04/2006 9:32:57 Временный файл закрыт!
11/04/2006 9:32:57 !!! Неудачная отправка данных!
11/04/2006 9:32:57 !!!! Ощибка при подготовке данных!
11/04/2006 9:32:58 Письма выложены в папку "Исходящие"
11/04/2006 9:32:58 Обработка почты11/04/2006 9:33:23 Читаем файл конфигурации...
11/04/2006 9:33:25 Выгрузка удаленных данных...
11/04/2006 9:33:25 Ошибка при выгрузке данных!
11/04/2006 9:33:26 Временный файл закрыт!
11/04/2006 9:33:26 !!! Неудачная отправка данных!
11/04/2006 9:33:26 !!!! Ощибка при подготовке данных!
11/04/2006 9:33:27 Письма выложены в папку "Исходящие"
11/04/2006 9:33:27 Обработка почты. В папке "Входящие" 49 сообщений
11/04/2006 9:33:28 ОК! Обработка завершена!
11/04/2006 9:34:36 Читаем файл конфигурации...
11/04/2006 9:34:38 Выгрузка удаленных данных...
11/04/2006 9:34:39 Ошибка при выгрузке данных!
11/04/2006 9:34:39 Временный файл закрыт!
11/04/2006 9:34:39 !!! Неудачная отправка данных!
11/04/2006 9:34:39 !!!! Ощибка при подготовке данных!
11/04/2006 9:34:40 Письма выложены в папку "Исходящие"
11/04/2006 9:34:40 Обработка почты. В папке "Входящие" 49 сообщений
11/04/2006 9:34:41 ОК! Обработка завершена!
11/04/2006 9:35:01 Читаем файл конфигурации...
11/04/2006 9:35:02 Выгрузка удаленных данных...
11/04/2006 9:35:02 Ошибка при выгрузке данных!
11/04/2006 9:35:03 Временный файл закрыт!
11/04/2006 9:35:03 !!! Неудачная отправка данных!
11/04/2006 9:35:03 !!!! Ощибка при подготовке данных!
11/04/2006 9:35:03 Письма выложены в папку "Исходящие"
11/04/2006 9:35:04 Обработка почты11/04/2006 9:36:09 Читаем файл конфигурации...
13/04/2006 13:47:25 Читаем файл конфигурации...
13/04/2006 13:50:21 Читаем файл конфигурации...
13/04/2006 13:50:50 Читаем файл конфигурации...
13/04/2006 13:53:00 Читаем файл конфигурации...
13/04/2006 13:54:21 Читаем файл конфигурации...
13/04/2006 13:54:33 Читаем файл конфигурации...
13/04/2006 13:55:00 Читаем файл конфигурации...
13/04/2006 13:56:32 Читаем файл конфигурации...
13/04/2006 13:57:19 Читаем файл конфигурации...
02.10.2007 10:09:23 Читаем файл конфигурации...
02.10.2007 10:09:29 Обработка почты. В папке "Входящие" 597 сообщений
02.10.2007 10:15:54 ОК! Обработка завершена!
02.10.2007 10:18:29 Читаем файл конфигурации...
02.10.2007 10:18:38 Обработка почты. В папке "Входящие" 597 сообщений
02.10.2007 10:18:44 ОК! Обработка завершена!
02.10.2007 10:26:42 Читаем файл конфигурации...
02.10.2007 10:26:47 Обработка почты. В папке "Входящие" 1 сообщений
02.10.2007 10:27:13 ОК! Обработка завершена!
02.10.2007 10:30:22 Читаем файл конфигурации...
02.10.2007 10:30:28 Обработка почты. В папке "Входящие" 1 сообщений
02.10.200704.10.2007 13:26:10 Читаем файл конфигурации...
04.10.2007 13:26:18 Обработка почты. В папке "Входящие" 4 сообщений
04.10.2007 13:26:18 Заявка № 21590 переведена в утвержденные!
04.10.2007 13:26:31 Ошибка при переводе заявки № 21590 в утвержденные!
04.10.2007 13:26:31 ОК! Обработка завершена!
04.10.2007 13:26:58 Обработка почты. В папке "Входящие" 4 сообщений
04.10.2007 13:26:59 ОК! Обработка завершена!
04.10.2007 13:27:02 Читаем файл конфигурации...
04.10.2007 13:27:07 Обработка почты. В папке "Входящие" 4 сообщений
04.10.2007 13:27:07 ОК! Обработка завершена!
04.10.2007 13:28:06 Обработка почты. В папке "Входящие" 4 сообщений
04.10.2007 13:29:59 ОК!04.10.2007 13:30:59 Читаем файл конфигурации...
04.10.2007 13:31:05 Обработка почты. В папке "Входящие" 4 сообщений
04.10.2007 13:31:06 ОК! Обработка завершена!
04.10.2007 13:31:41 Читаем файл конфигурации...
04.10.2007 13:31:47 Обработка почты. В папке "Входящие" 1 сообщений
04.10.200704.10.2007 13:34:56 Читаем файл конфигурации...
04.10.2007 13:35:02 Обработка почты. В папке "Входящие" 1 сообщений
04.10.2007 13:35:18 ОК! Обработка завершена!
04.10.2007 13:35:44 Обработка почты. В папке "Входящие" 1 сообщений
04.10.2007 13:36:01 Заявка № 21590 переведена в утвержденные!
04.10.2007 13:36:13 Ошибка при переводе заявки № 21590 в утвержденные!
04.10.2007 13:36:13 ОК! Обработка завершена!
04.10.2007 13:37:03 Читаем файл конфигурации...
04.10.2007 13:37:08 Обработка почты. В папке "Входящие" 1 сообщений
04.10.200704.10.2007 13:38:46 Читаем файл конфигурации...
04.10.2007 13:38:57 Обработка почты. В папке "Входящие" 1 сообщений
04.10.200704.10.2007 13:40:12 Читаем файл конфигурации...
04.10.2007 13:40:17 Обработка почты. В папке "Входящие" 1 сообщений
04.10.2007 13:40:18 Заявка № 21590 переведена в утвержденные!
04.10.2007 13:40:42 ОК! Обработка завершена!
04.10.2007 13:45:00 Обработка почты. В папке "Входящие" 2 сообщений
04.10.2007 13:45:09 Заявка № 1 переведена в утвержденные!
04.10.2007 13:45:20 ОК! Обработка завершена!
04.07.2008 14:31:08 Читаем файл конфигурации...
04.07.2008 14:49:26 Читаем файл конфигурации...
04.07.2008 14:49:28 !!! Не удалось подключиться к базе данных!
04.07.2008 14:50:01 Читаем файл конфигурации...
04.07.2008 14:50:02 !!! Не удалось подключиться к базе данных!
04.07.2008 14:50:20 !!! Не удалось подключиться к базе данных!
04.07.2008 14:50:24 Читаем файл конфигурации...
04.07.2008 14:50:54 Выгрузка удаленных данных...
04.07.2008 14:51:01 Данные выгружены успешно!
04.07.2008 14:51:01 Временный файл закрыт!
04.07.2008 14:51:01 Формирование пакета закончено!
04.07.2008 14:51:01 Делим на пакеты...
04.07.2008 14:51:01 Сжимаем и формируем письма...
04.07.2008 14:51:01 Отправляем письма...
04.07.2008 14:51:46 Письма отправлены. Фиксируем время отправки...
04.07.2008 14:51:46 Время отправки сохранено!
04.07.2008 14:51:46 Уд04.07.2008 14:52:42 Читаем файл конфигурации...
04.07.2008 14:52:58 Выгрузка удаленных данных...
04.07.2008 14:53:01 Данные выгружены успешно!
04.07.2008 14:53:01 Временный файл закрыт!
04.07.2008 14:53:01 Формирование пакета закончено!
04.07.2008 14:53:01 Делим на пакеты...
04.07.2008 14:53:01 Сжимаем и формируем письма...
04.07.2008 14:53:01 Отправляем письма...
04.07.2008 14:53:32 Письма отправлены. Фиксируем время отправки...
04.07.2008 14:53:32 Время отправки сохранено!
04.07.2008 14:53:32 Удаляем временные файлы...
04.07.2008 14:54:37 Читаем файл конфигурации...
04.07.2008 14:54:38 !!! Не удалось подключиться к базе данных!
04.07.2008 14:54:50 Читаем файл конфигурации...
04.07.2008 14:54:51 !!! Не удалось подключиться к базе данных!
04.07.2008 14:55:10 Читаем файл конфигурации...
04.07.2008 14:55:23 Удаленных данных нет!
04.07.2008 14:55:25 Данные выгружены успешно!
04.07.2008 14:55:25 Временный файл закрыт!
04.07.2008 14:55:25 Формирование пакета закончено!
04.07.2008 14:55:25 Делим на пакеты...
04.07.2008 14:55:25 Сжимаем и формируем письма...
04.07.2008 14:55:25 Отправляем письма...
04.07.2008 14:55:28 Письма отправлены. Фиксируем время отправки...
04.07.2008 14:55:28 Время отправки сохранено!
04.07.2008 14:55:28 Удаляем временные файлы...
04.07.2008 14:55:59 Читаем файл конфигурации...
04.07.2008 14:56:07 Удаленных данных нет!
04.07.2008 14:56:09 Данные выгружены успешно!
04.07.2008 14:56:09 Временный файл закрыт!
04.07.2008 14:56:09 Формирование пакета закончено!
04.07.2008 14:56:09 Делим на пакеты...
04.07.2008 14:56:09 Сжимаем и формируем письма...
04.07.2008 14:56:09 Отправляем письма...
04.07.2008 14:56:10 Cannot connect to SMTP server 0.0.0.0 (0.0.0.0:25), connect err
04.07.2008 14:56:10 Письма отправлены. Фиксируем время отправки...
04.07.2008 14:56:10 Время отправки сохранено!
04.07.2008 14:56:10 Удаляем временные файлы...
04.07.2008 15:08:15 Читаем файл конфигурации...
04.07.2008 15:08:23 Удаленных данных нет!
04.07.2008 15:08:25 Данные выгружены успешно!
04.07.2008 15:08:25 Временный файл закрыт!
04.07.2008 15:08:25 Формирование пакета закончено!
04.07.2008 15:08:25 Делим на пакеты...
04.07.2008 15:08:25 Сжимаем и формируем письма...
04.07.2008 15:08:25 Отправляем письма...
04.07.2008 15:08:45 Читаем файл конфигурации...
04.07.2008 15:08:51 Удаленных данных нет!
04.07.2008 15:08:53 Данные выгружены успешно!
04.07.2008 15:08:53 Временный файл закрыт!
04.07.2008 15:08:53 Формирование пакета закончено!
04.07.2008 15:08:53 Делим на пакеты...
04.07.2008 15:08:53 Сжимаем и формируем письма...
04.07.2008 15:08:53 Отправляем письма...
04.07.2008 15:09:02 Cannot connect to SMTP server 0.0.0.0 (0.0.0.0:25), connect err
04.07.2008 15:09:02 Письма отправлены. Фиксируем время отправки...
04.07.2008 15:09:02 Время отправки сохранено!
04.07.2008 15:09:02 Удаляем временные файлы...
04.07.2008 15:09:12 Читаем файл конфигурации...
04.07.2008 15:09:19 Удаленных данных нет!
04.07.2008 15:09:21 Данные выгружены успешно!
04.07.2008 15:09:21 Временный файл закрыт!
04.07.2008 15:09:21 Формирование пакета закончено!
04.07.2008 15:09:21 Д04.07.2008 15:11:42 Читаем файл конфигурации...
04.07.2008 15:11:48 Удаленных данных нет!
04.07.2008 15:11:50 Данные выгружены успешно!
04.07.2008 15:11:50 Временный файл закрыт!
04.07.2008 15:11:50 Формирование пакета закончено!
04.07.2008 15:11:50 Д04.07.2008 15:12:17 Читаем файл конфигурации...
04.07.2008 15:12:24 Удаленных данных нет!
04.07.2008 15:12:26 Данные выгружены успешно!
04.07.2008 15:12:26 Временный файл закрыт!
04.07.2008 15:12:26 Формирование пакета закончено!
04.07.2008 15:12:26 Д04.07.2008 15:15:00 Читаем файл конфигурации...
04.07.2008 15:15:07 Удаленных данных нет!
04.07.2008 15:15:09 Данные выгружены успешно!
04.07.2008 15:15:09 Временный файл закрыт!
04.07.2008 15:15:09 Формирование пакета закончено!
04.07.2008 15:15:09 Делим на пакеты...
04.07.2008 15:15:09 Сжимаем и формируем письма...
04.07.2008 15:15:09 Отправляем письма...
04.07.2008 15:15:09 Отправка пакета: Bsklad data Transfer Yar8-01-001-***-44735-2008/07/03 04.07.08-15:08:50-04.07.08-15:15:06 Part 1/1 8005051
04.07.2008 15:15:09 Cannot connect to SMTP server 0.0.0.0 (0.0.0.0:25), connect err
04.07.2008 15:15:09 Письма отправлены. Фиксируем время отправки...
04.07.2008 15:15:09 Время отправки сохранено!
04.07.2008 15:15:09 Удаляем временные файлы...
04.07.2008 15:15:35 Читаем файл конфигурации...
04.07.2008 15:15:41 Удаленных данных нет!
04.07.2008 15:15:43 Данные выгружены успешно!
04.07.2008 15:15:43 Временный файл закрыт!
04.07.2008 15:15:43 Формирование пакета закончено!
04.07.2008 15:15:43 Делим на пакеты...
04.07.2008 15:15:43 Сжимаем и формируем письма...
04.07.2008 15:15:43 Отправляем письма...
04.07.2008 15:15:43 Отправка пакета: Bsklad data Transfer Yar8-01-001-***-44736-2008/07/03 04.07.08-15:15:06-04.07.08-15:15:40 Part 1/1 8985830
04.07.2008 15:15:48 Отправлен пакет: Bsklad data Transfer Yar8-01-001-***-44736-2008/07/03 04.07.08-15:15:06-04.07.08-15:15:40 Part 1/1 8985830
04.07.2008 15:15:48 Письма отправлены. Фиксируем время отправки...
04.07.2008 15:15:48 Время отправки сохранено!
04.07.2008 15:15:48 Удаляем временные файлы...
04.07.2008 15:31:40 Читаем файл конфигурации...
04.07.2008 15:31:47 Удаленных данных нет!
04.07.2008 15:31:51 Данные выгружены успешно!
04.07.2008 15:31:51 Временный файл закрыт!
04.07.2008 15:31:51 Формирование пакета закончено!
04.07.2008 15:31:51 Делим на пакеты...
04.07.2008 15:31:51 Письма отправлены. Фиксируем время отправки...
04.07.2008 15:31:51 Время отправки сохранено!
04.07.2008 15:31:51 Удаляем временные файлы...
04.07.2008 15:32:04 Выгрузка удаленных данных...
04.07.2008 15:32:09 Данные выгружены успешно!
04.07.2008 15:32:09 Временный файл закрыт!
04.07.2008 15:32:09 Формирование пакета закончено!
04.07.2008 15:32:09 Делим на пакеты...
04.07.2008 15:32:09 Сжимаем и формируем письма...
04.07.2008 15:32:10 Отправляем письма...
04.07.2008 15:32:19 Отправка пакета: Bsklad data Transfer Yar8-01-014-***-41955-2008/07/03 04.07.08-10:00:00-04.07.08-11:00:00 Part 1/1 8715120
04.07.2008 15:32:20 Отправка пакета: bsklad@olimpiya.yaroslavl.ru, bsklad-ol4@olimpiya.yaroslavl.ru, olimp1@olimpiya.yaroslavl.ru,
04.07.2008 15:32:25 Bad address syntax
04.07.2008 15:32:27 Отправлен пакет: Bsklad data Transfer Yar8-01-014-***-41955-2008/07/03 04.07.08-10:00:00-04.07.08-11:00:00 Part 1/1 8715120
04.07.2008 15:32:28 Письма отправлены. Фиксируем время отправки...
04.07.2008 15:32:28 Время отправки сохранено!
04.07.2008 15:32:28 Удаляем временные файлы...
04.07.2008 15:33:33 Читаем файл конфигурации...
04.07.2008 15:33:44 Выгрузка удаленных данных...
04.07.2008 15:33:50 Данные выгружены успешно!
04.07.2008 15:33:50 Временный файл закрыт!
04.07.2008 15:33:50 Формирование пакета закончено!
04.07.2008 15:33:50 Делим на пакеты...
04.07.2008 15:33:50 Сжимаем и формируем письма...
04.07.2008 15:33:51 Отправляем письма...
04.07.2008 15:33:56 Отправка пакета: Bsklad data Transfer Yar8-01-014-***-41956-2008/07/03 04.07.08-11:00:00-04.07.08-11:20:00 Part 1/1 8755560
04.07.2008 15:33:56 Отправка пакета: bsklad@olimpiya.yaroslavl.ru, bsklad-ol4@olimpiya.yaroslavl.ru, olimp1@olimpiya.yaroslavl.ru
04.07.2008 15:33:57 Отправлен пакет: Bsklad data Transfer Yar8-01-014-***-41956-2008/07/03 04.07.08-11:00:00-04.07.08-11:20:00 Part 1/1 8755560
04.07.2008 15:33:57 Письма отправлены. Фиксируем время отправки...
04.07.2008 15:33:57 Время отправки сохранено!
04.07.2008 15:33:57 Удаляем временные файлы...
07.07.2008 8:55:48 Читаем файл конфигурации...
07.07.2008 8:56:06 Выгрузка удаленных данных...
07.07.2008 8:56:11 Данные выгружены успешно!
07.07.2008 8:56:11 Временный файл закрыт!
07.07.2008 8:56:11 Формирование пакета закончено!
07.07.2008 8:56:11 Делим на пакеты...
07.07.2008 8:56:11 Сжимаем и формируем письма...
07.07.2008 8:56:11 Отправляем письма...
07.07.2008 8:56:36 Отправка пакета: Bsklad data Transfer Yar8-01-014-***-42104-2008/07/06 07.07.08-08:45:01-07.07.08-08:55:58 Part 1/1 8135350
07.07.2008 8:56:37 Отправка пакета: bsklad@olimpiya.yaroslavl.ru, bsklad-ol4@olimpiya.yaroslavl.ru, olimp1@olimpiya.yaroslavl.ru
07.07.2008 8:56:52 Отправлен пакет: Bsklad data Transfer Yar8-01-014-***-42104-2008/07/06 07.07.08-08:45:01-07.07.08-08:55:58 Part 1/1 8135350
07.07.2008 8:56:58 Дата синхронизации не сохранена исходя из натроек программы
07.07.2008 8:57:00 Удаляем временные файлы...
07.07.2008 9:19:33 Читаем файл конфигурации...
07.07.2008 9:19:41 Выгрузка удаленных данных...
07.07.2008 9:19:45 Данные выгружены успешно!
07.07.2008 9:19:45 Временный файл закрыт!
07.07.2008 9:19:45 Формирование пакета закончено!
07.07.2008 9:19:45 Делим на пакеты...
07.07.2008 9:19:45 Сжимаем и формируем письма...
07.07.2008 9:19:45 Отправляем письма...
07.07.2008 9:19:59 Отправка пакета: Bsklad data Transfer Yar8-01-014-***-42107-2008/07/06 07.07.08-09:15:01-07.07.08-09:19:40 Part 1/1 8065611
07.07.2008 9:20:00 Отправка пакета: bsklad@olimpiya.yaroslavl.ru, bsklad-ol4@olimpiya.yaroslavl.ru, olimp1@olimpiya.yaroslavl.ru
07.07.2008 9:20:06 Отправлен пакет: Bsklad data Transfer Yar8-01-014-***-42107-2008/07/06 07.07.08-09:15:01-07.07.08-09:19:40 Part 1/1 8065611
07.07.2008 9:20:14 Дата синхронизации не сохранена исходя из натроек программы
07.07.2008 9:20:15 Удаляем временные файлы...
07.07.2008 10:22:24 Читаем файл конфигурации...
07.07.2008 10:22:26 Выгрузка удаленных данных...
07.07.2008 10:22:30 Данные выгружены успешно!
07.07.2008 10:22:30 Временный файл закрыт!
07.07.2008 10:22:30 Формирование пакета закончено!
07.07.2008 10:22:30 Делим на пакеты...
07.07.2008 10:22:31 Сжимаем и формируем письма...
07.07.2008 10:22:31 Отправляем письма...
07.07.2008 10:22:33 Отправка пакета: Bsklad data Transfer Yar8-01-014-***-42112-2008/07/06 07.07.08-10:00:01-07.07.08-10:22:26 Part 1/1 8785890
07.07.2008 10:22:33 Отправка пакета: bsklad@olimpiya.yaroslavl.ru, bsklad-ol4@olimpiya.yaroslavl.ru, olimp1@olimpiya.yaroslavl.ru
07.07.2008 10:22:34 Отправлен пакет: Bsklad data Transfer Yar8-01-014-***-42112-2008/07/06 07.07.08-10:00:01-07.07.08-10:22:26 Part 1/1 8785890
07.07.2008 10:22:36 Письма отправлены. Фиксируем время отправки...
07.07.2008 10:22:36 Время отправки сохранено!
07.07.2008 10:22:36 Удаляем временные файлы...
07.07.2008 10:22:36 Письма выложены в папку "Исходящие"
07.07.2007.07.2008 10:44:28 Читаем файл конфигурации...
07.07.2008 10:44:37 Выгрузка удаленных данных...
07.07.2008 10:44:42 Данные выгружены успешно!
07.07.2008 10:44:42 Временный файл закрыт!
07.07.2008 10:44:42 Формирование пакета закончено!
07.07.2008 10:44:42 Делим на пакеты...
07.07.2008 10:44:42 Сжимаем и формируем письма...
07.07.2008 10:44:42 Отправляем письма...
07.07.2008 10:44:45 Отправка пакета: Bsklad data Transfer Yar8-01-014-***-42114-2008/07/06 07.07.08-10:15:01-07.07.08-10:44:37 Part 1/1 8925200
07.07.2008 10:44:45 Отправка пакета: bsklad@olimpiya.yaroslavl.ru, bsklad-ol4@olimpiya.yaroslavl.ru, olimp1@olimpiya.yaroslavl.ru
07.07.2008 10:44:45 Отправлен пакет: Bsklad data Transfer Yar8-01-014-***-42114-2008/07/06 07.07.08-10:15:01-07.07.08-10:44:37 Part 1/1 8925200
07.07.2008 10:44:48 Письма отправлены. Фиксируем время отправки...
07.07.2008 10:44:48 Время отправки сохранено!
07.07.2008 10:44:48 Удаляем временные файлы...
07.07.2008 10:44:48 Письма выложены в папку "Исходящие"
07.07.2008 10:44:49 Обработка почты. В папке "Входящие" 122 сообщений
07.07.2008 10:45:00 ОК! Обработка завершена!
04.01.2009 9:36:42 Читаем файл конфигурации...
04.01.2009 9:36:53 Обработка почты. В папке "Входящие" 428 сообщений
04.01.2009 9:36:53 !!! Дескриптор не соответствует настройкам!
04.01.2009 9:41:26 !!! Ошибка при изменении строки RNS. ID=163449154 TM=03.01.2009 14:16:31
04.01.2009 9:41:27 ОК! Обработка завершена!
04.01.2009 9:43:42 Читаем файл конфигурации...
04.01.2009 9:43:48 Обработка почты. В папке "Входящие" 428 сообщений
04.01.2009 9:43:49 !!! Дескриптор не соответствует настройкам!
04.01.2009 9:43:59 ОК! Обработка завершена!
01.08.2011 15:09:00 Читаем файл конфигурации...
01.08.2011 15:46:23 Читаем файл конфигурации...
01.08.2011 15:47:43 Читаем файл конфигурации...
01.08.2011 15:48:55 Читаем файл конфигурации...
01.08.2011 15:49:17 Отправка пакета: Заявка на списание 1 от 1-AUG-2011, Олимп-4 С, Сторожев, СБ
01.08.2011 15:49:17 Отправка пакета: aaa@olimpiya.yaroslavl.ru;1233@123
01.08.2011 15:49:22 5.1.3 Bad recipient address syntax
01.08.2011 15:49:24 Отправлен пакет: Заявка на списание 1 от 1-AUG-2011, Олимп-4 С, Сторожев, СБ
01.08.2011 15:49:28 Отправка пакета: Заявка на списание 2 от 1-AUG-2011, Олимп-3, Сторожев, Кладовщик
01.08.2011 15:49:28 Отправка пакета: aaa@olimpiya.yaroslavl.ru
01.08.2011 15:49:28 Отправлен пакет: Заявка на списание 2 от 1-AUG-2011, Олимп-3, Сторожев, Кладовщик
01.08.2011 15:49:31 Отправка пакета: Заявка на списание 3 от 1-AUG-2011, Олимп-4 С, Сторожев, ФД
01.08.2011 15:49:31 Отправка пакета: aaa@olimpiya.yaroslavl.ru;1233@123
01.08.2011 15:49:32 5.1.3 Bad recipient address syntax
01.08.2011 15:49:32 Отправлен пакет: Заявка на списание 3 от 1-AUG-2011, Олимп-4 С, Сторожев, ФД
01.08.2011 15:51:32 Отправка пакета: Заявка на списание 1 от 1-AUG-2011, Олимп-4 С, Сторожев, СБ
01.08.2011 15:51:32 Отправка пакета: aaa@olimpiya.yaroslavl.ru,1233@123
01.08.2011 15:51:33 5.1.3 Bad recipient address syntax
01.08.2011 15:51:33 Отправлен пакет: Заявка на списание 1 от 1-AUG-2011, Олимп-4 С, Сторожев, СБ
01.08.2011 15:51:33 Отправка пакета: Заявка на списание 2 от 1-AUG-2011, Олимп-3, Сторожев, Кладовщик
01.08.2011 15:51:33 Отправка пакета: aaa@olimpiya.yaroslavl.ru
01.08.2011 15:51:33 Отправлен пакет: Заявка на списание 2 от 1-AUG-2011, Олимп-3, Сторожев, Кладовщик
01.08.2011 15:51:33 Отправка пакета: Заявка на списание 3 от 1-AUG-2011, Олимп-4 С, Сторожев, ФД
01.08.2011 15:51:33 Отправка пакета: aaa@olimpiya.yaroslavl.ru,1233@123
01.08.2011 15:51:33 5.1.3 Bad recipient address syntax
01.08.2011 15:51:33 Отправлен пакет: Заявка на списание 3 от 1-AUG-2011, Олимп-4 С, Сторожев, ФД
01.08.2011 15:52:09 Отправка пакета: Заявка на списание 1 от 1-AUG-2011, Олимп-4 С, Сторожев, СБ
01.08.2011 15:52:09 Отправка пакета: aaa@olimpiya.yaroslavl.ru,1233@123
01.08.2011 15:52:10 5.1.3 Bad recipient address syntax
01.08.2011 15:52:11 Отправлен пакет: Заявка на списание 1 от 1-AUG-2011, Олимп-4 С, Сторожев, СБ
01.08.2011 15:52:19 Отправка пакета: Заявка на списание 2 от 1-AUG-2011, Олимп-3, Сторожев, Кладовщик
01.08.2011 15:52:20 Отправка пакета: aaa@olimpiya.yaroslavl.ru
01.08.2011 15:52:21 Отправлен пакет: Заявка на списание 2 от 1-AUG-2011, Олимп-3, Сторожев, Кладовщик
01.08.2011 15:52:29 Отправка пакета: Заявка на списание 3 от 1-AUG-2011, Олимп-4 С, Сторожев, ФД
01.08.2011 15:52:29 Отправка пакета: aaa@olimpiya.yaroslavl.ru,1233@123
01.08.2011 15:52:30 5.1.3 Bad recipient address syntax
01.08.2011 15:52:30 Отправлен пакет: Заявка на списание 3 от 1-AUG-2011, Олимп-4 С, Сторожев, ФД
01.08.2011 15:53:26 Отправка пакета: Заявка на списание 1 от 1-AUG-2011, Олимп-4 С, Сторожев, СБ
01.08.2011 15:53:26 Отправка пакета: aaa@olimpiya.yaroslavl.ru,141@727282.ru
01.08.2011 15:53:26 Отправлен пакет: Заявка на списание 1 от 1-AUG-2011, Олимп-4 С, Сторожев, СБ
01.08.2011 15:53:26 Отправка пакета: Заявка на списание 2 от 1-AUG-2011, Олимп-3, Сторожев, Кладовщик
01.08.2011 15:53:26 Отправка пакета: aaa@olimpiya.yaroslavl.ru
01.08.2011 15:53:27 Отправлен пакет: Заявка на списание 2 от 1-AUG-2011, Олимп-3, Сторожев, Кладовщик
01.08.2011 15:53:27 Отправка пакета: Заявка на списание 3 от 1-AUG-2011, Олимп-4 С, Сторожев, ФД
01.08.2011 15:53:27 Отправка пакета: aaa@olimpiya.yaroslavl.ru,141@727282.ru
01.08.2011 15:53:27 Отправлен пакет: Заявка на списание 3 от 1-AUG-2011, Олимп-4 С, Сторожев, ФД
01.08.2011 16:09:31 Отправка пакета: Заявка на списание 1 от 1-AUG-2011, Олимп-4 С, Сторожев, СБ
01.08.2011 16:09:31 Отправка пакета: aaa@olimpiya.yaroslavl.ru,141@727282.ru
01.08.2011 16:09:36 Отправлен пакет: Заявка на списание 1 от 1-AUG-2011, Олимп-4 С, Сторожев, СБ
01.08.2011 16:09:36 Отправка пакета: Заявка на списание 2 от 1-AUG-2011, Олимп-3, Сторожев, Кладовщик
01.08.2011 16:09:36 Отправка пакета: aaa@olimpiya.yaroslavl.ru
01.08.2011 16:09:37 Отправлен пакет: Заявка на списание 2 от 1-AUG-2011, Олимп-3, Сторожев, Кладовщик
01.08.2011 16:09:37 Отправка пакета: Заявка на списание 3 от 1-AUG-2011, Олимп-4 С, Сторожев, ФД
01.08.2011 16:09:37 Отправка пакета: aaa@olimpiya.yaroslavl.ru,141@727282.ru
01.08.2011 16:09:37 Отправлен пакет: Заявка на списание 3 от 1-AUG-2011, Олимп-4 С, Сторожев, ФД
01.08.2011 16:20:59 Отправка пакета: Заявка на списание 1 от 1-AUG-2011, Олимп-4 С, Сторожев, ФД
01.08.2011 16:20:59 Отправка пакета: aaa@olimpiya.yaroslavl.ru,141@727282.ru
01.08.2011 16:20:59 Отправлен пакет: Заявка на списание 1 от 1-AUG-2011, Олимп-4 С, Сторожев, ФД
01.08.2011 16:28:22 Отправка пакета: Заявка на списание 1 от 1-AUG-2011, Олимп-4 С, Сторожев, СБ
01.08.2011 16:28:22 Отправка пакета: aaa@olimpiya.yaroslavl.ru
01.08.2011 16:28:23 Отправлен пакет: Заявка на списание 1 от 1-AUG-2011, Олимп-4 С, Сторожев, СБ
01.08.2011 16:30:07 Отправка пакета: Заявка на списание 1 от 1-AUG-2011, Олимп-4 С, Сторожев, ФД
01.08.2011 16:30:07 Отправка пакета: aaa@olimpiya.yaroslavl.ru
01.08.2011 16:30:07 Отправлен пакет: Заявка на списание 1 от 1-AUG-2011, Олимп-4 С, Сторожев, ФД
